=== MedPull ortho demo - autonomous overnight build ===
Project : /Users/steve/Documents/GitHub/MedPullKioskKanthi/orthopedic-demo
Started : Wed Jul  1 01:01:09 PDT 2026
Logs    : /Users/steve/Documents/GitHub/MedPullKioskKanthi/orthopedic-demo/.build-logs   (watchdog: /Users/steve/Documents/GitHub/MedPullKioskKanthi/orthopedic-demo/.build-logs/watchdog.log)
Sentinel: DEMO_COMPLETE.md   |  poll every 5 min on limit  |  probe timeout: none

[2026-07-01 01:01:09] initial build (call #0)...
      log -> /Users/steve/Documents/GitHub/MedPullKioskKanthi/orthopedic-demo/.build-logs/call-0000.log
Failed to authenticate. API Error: 401 Invalid authentication credentials
[2026-07-01 01:01:12] resume build - iteration 1 (call #1)...
      log -> /Users/steve/Documents/GitHub/MedPullKioskKanthi/orthopedic-demo/.build-logs/call-0001.log
Failed to authenticate. API Error: 401 Invalid authentication credentials
[2026-07-01 01:01:16] resume build - iteration 2 (call #2)...
      log -> /Users/steve/Documents/GitHub/MedPullKioskKanthi/orthopedic-demo/.build-logs/call-0002.log
Failed to authenticate. API Error: 401 Invalid authentication credentials
[2026-07-01 01:01:19] resume build - iteration 3 (call #3)...
      log -> /Users/steve/Documents/GitHub/MedPullKioskKanthi/orthopedic-demo/.build-logs/call-0003.log
Failed to authenticate. API Error: 401 Invalid authentication credentials
[2026-07-01 01:01:22] resume build - iteration 4 (call #4)...
      log -> /Users/steve/Documents/GitHub/MedPullKioskKanthi/orthopedic-demo/.build-logs/call-0004.log
Failed to authenticate. API Error: 401 Invalid authentication credentials
[2026-07-01 01:01:26] resume build - iteration 5 (call #5)...
      log -> /Users/steve/Documents/GitHub/MedPullKioskKanthi/orthopedic-demo/.build-logs/call-0005.log
Failed to authenticate. API Error: 401 Invalid authentication credentials
[2026-07-01 01:01:29] resume build - iteration 6 (call #6)...
      log -> /Users/steve/Documents/GitHub/MedPullKioskKanthi/orthopedic-demo/.build-logs/call-0006.log
Failed to authenticate. API Error: 401 Invalid authentication credentials
[2026-07-01 01:01:32] resume build - iteration 7 (call #7)...
      log -> /Users/steve/Documents/GitHub/MedPullKioskKanthi/orthopedic-demo/.build-logs/call-0007.log
Failed to authenticate. API Error: 401 Invalid authentication credentials
[2026-07-01 01:01:35] resume build - iteration 8 (call #8)...
      log -> /Users/steve/Documents/GitHub/MedPullKioskKanthi/orthopedic-demo/.build-logs/call-0008.log
Failed to authenticate. API Error: 401 Invalid authentication credentials
[2026-07-01 01:01:39] resume build - iteration 9 (call #9)...
      log -> /Users/steve/Documents/GitHub/MedPullKioskKanthi/orthopedic-demo/.build-logs/call-0009.log
Failed to authenticate. API Error: 401 Invalid authentication credentials
[2026-07-01 01:01:42] resume build - iteration 10 (call #10)...
      log -> /Users/steve/Documents/GitHub/MedPullKioskKanthi/orthopedic-demo/.build-logs/call-0010.log
Failed to authenticate. API Error: 401 Invalid authentication credentials
[2026-07-01 01:01:45] resume build - iteration 11 (call #11)...
      log -> /Users/steve/Documents/GitHub/MedPullKioskKanthi/orthopedic-demo/.build-logs/call-0011.log
Failed to authenticate. API Error: 401 Invalid authentication credentials
[2026-07-01 01:01:48] resume build - iteration 12 (call #12)...
      log -> /Users/steve/Documents/GitHub/MedPullKioskKanthi/orthopedic-demo/.build-logs/call-0012.log
Failed to authenticate. API Error: 401 Invalid authentication credentials
[2026-07-01 01:01:51] resume build - iteration 13 (call #13)...
      log -> /Users/steve/Documents/GitHub/MedPullKioskKanthi/orthopedic-demo/.build-logs/call-0013.log
Failed to authenticate. API Error: 401 Invalid authentication credentials
[2026-07-01 01:01:54] resume build - iteration 14 (call #14)...
      log -> /Users/steve/Documents/GitHub/MedPullKioskKanthi/orthopedic-demo/.build-logs/call-0014.log
Failed to authenticate. API Error: 401 Invalid authentication credentials
[2026-07-01 01:01:58] resume build - iteration 15 (call #15)...
      log -> /Users/steve/Documents/GitHub/MedPullKioskKanthi/orthopedic-demo/.build-logs/call-0015.log
Failed to authenticate. API Error: 401 Invalid authentication credentials
[2026-07-01 01:02:01] resume build - iteration 16 (call #16)...
      log -> /Users/steve/Documents/GitHub/MedPullKioskKanthi/orthopedic-demo/.build-logs/call-0016.log
Failed to authenticate. API Error: 401 Invalid authentication credentials
[2026-07-01 01:02:04] resume build - iteration 17 (call #17)...
      log -> /Users/steve/Documents/GitHub/MedPullKioskKanthi/orthopedic-demo/.build-logs/call-0017.log
Failed to authenticate. API Error: 401 Invalid authentication credentials
[2026-07-01 01:02:07] resume build - iteration 18 (call #18)...
      log -> /Users/steve/Documents/GitHub/MedPullKioskKanthi/orthopedic-demo/.build-logs/call-0018.log
Failed to authenticate. API Error: 401 Invalid authentication credentials
[2026-07-01 01:02:10] resume build - iteration 19 (call #19)...
      log -> /Users/steve/Documents/GitHub/MedPullKioskKanthi/orthopedic-demo/.build-logs/call-0019.log
Failed to authenticate. API Error: 401 Invalid authentication credentials
[2026-07-01 01:02:13] resume build - iteration 20 (call #20)...
      log -> /Users/steve/Documents/GitHub/MedPullKioskKanthi/orthopedic-demo/.build-logs/call-0020.log
Failed to authenticate. API Error: 401 Invalid authentication credentials
[2026-07-01 01:02:16] resume build - iteration 21 (call #21)...
      log -> /Users/steve/Documents/GitHub/MedPullKioskKanthi/orthopedic-demo/.build-logs/call-0021.log
Failed to authenticate. API Error: 401 Invalid authentication credentials
[2026-07-01 01:02:20] resume build - iteration 22 (call #22)...
      log -> /Users/steve/Documents/GitHub/MedPullKioskKanthi/orthopedic-demo/.build-logs/call-0022.log
=== MedPull ortho demo - autonomous overnight build ===
Project : /Users/steve/Documents/GitHub/MedPullKioskKanthi/orthopedic-demo
Started : Wed Jul  1 01:02:21 PDT 2026
Logs    : /Users/steve/Documents/GitHub/MedPullKioskKanthi/orthopedic-demo/.build-logs   (watchdog: /Users/steve/Documents/GitHub/MedPullKioskKanthi/orthopedic-demo/.build-logs/watchdog.log)
Sentinel: DEMO_COMPLETE.md   |  poll every 5 min on limit  |  probe timeout: none

[2026-07-01 01:02:21] initial build (call #0)...
      log -> /Users/steve/Documents/GitHub/MedPullKioskKanthi/orthopedic-demo/.build-logs/call-0000.log
Failed to authenticate. API Error: 401 Invalid authentication credentials
[2026-07-01 01:02:22] resume build - iteration 23 (call #23)...
      log -> /Users/steve/Documents/GitHub/MedPullKioskKanthi/orthopedic-demo/.build-logs/call-0023.log
Failed to authenticate. API Error: 401 Invalid authentication credentials
[2026-07-01 01:02:24] resume build - iteration 1 (call #1)...
      log -> /Users/steve/Documents/GitHub/MedPullKioskKanthi/orthopedic-demo/.build-logs/call-0001.log
Failed to authenticate. API Error: 401 Invalid authentication credentials
[2026-07-01 01:02:25] resume build - iteration 24 (call #24)...
      log -> /Users/steve/Documents/GitHub/MedPullKioskKanthi/orthopedic-demo/.build-logs/call-0024.log
Failed to authenticate. API Error: 401 Invalid authentication credentials
[2026-07-01 01:02:27] resume build - iteration 2 (call #2)...
      log -> /Users/steve/Documents/GitHub/MedPullKioskKanthi/orthopedic-demo/.build-logs/call-0002.log
Failed to authenticate. API Error: 401 Invalid authentication credentials
[2026-07-01 01:02:28] resume build - iteration 25 (call #25)...
      log -> /Users/steve/Documents/GitHub/MedPullKioskKanthi/orthopedic-demo/.build-logs/call-0025.log
Failed to authenticate. API Error: 401 Invalid authentication credentials
[2026-07-01 01:02:30] resume build - iteration 3 (call #3)...
      log -> /Users/steve/Documents/GitHub/MedPullKioskKanthi/orthopedic-demo/.build-logs/call-0003.log
Failed to authenticate. API Error: 401 Invalid authentication credentials
[2026-07-01 01:02:31] resume build - iteration 26 (call #26)...
      log -> /Users/steve/Documents/GitHub/MedPullKioskKanthi/orthopedic-demo/.build-logs/call-0026.log
Failed to authenticate. API Error: 401 Invalid authentication credentials
[2026-07-01 01:02:33] resume build - iteration 4 (call #4)...
      log -> /Users/steve/Documents/GitHub/MedPullKioskKanthi/orthopedic-demo/.build-logs/call-0004.log
Failed to authenticate. API Error: 401 Invalid authentication credentials
[2026-07-01 01:02:34] resume build - iteration 27 (call #27)...
      log -> /Users/steve/Documents/GitHub/MedPullKioskKanthi/orthopedic-demo/.build-logs/call-0027.log
Failed to authenticate. API Error: 401 Invalid authentication credentials
[2026-07-01 01:02:36] resume build - iteration 5 (call #5)...
      log -> /Users/steve/Documents/GitHub/MedPullKioskKanthi/orthopedic-demo/.build-logs/call-0005.log
Failed to authenticate. API Error: 401 Invalid authentication credentials
[2026-07-01 01:02:37] resume build - iteration 28 (call #28)...
      log -> /Users/steve/Documents/GitHub/MedPullKioskKanthi/orthopedic-demo/.build-logs/call-0028.log
Failed to authenticate. API Error: 401 Invalid authentication credentials
[2026-07-01 01:02:39] resume build - iteration 6 (call #6)...
      log -> /Users/steve/Documents/GitHub/MedPullKioskKanthi/orthopedic-demo/.build-logs/call-0006.log
Failed to authenticate. API Error: 401 Invalid authentication credentials
[2026-07-01 01:02:40] resume build - iteration 29 (call #29)...
      log -> /Users/steve/Documents/GitHub/MedPullKioskKanthi/orthopedic-demo/.build-logs/call-0029.log
Failed to authenticate. API Error: 401 Invalid authentication credentials
[2026-07-01 01:02:42] resume build - iteration 7 (call #7)...
      log -> /Users/steve/Documents/GitHub/MedPullKioskKanthi/orthopedic-demo/.build-logs/call-0007.log
Failed to authenticate. API Error: 401 Invalid authentication credentials
[2026-07-01 01:02:43] resume build - iteration 30 (call #30)...
      log -> /Users/steve/Documents/GitHub/MedPullKioskKanthi/orthopedic-demo/.build-logs/call-0030.log
Failed to authenticate. API Error: 401 Invalid authentication credentials
[2026-07-01 01:02:45] resume build - iteration 8 (call #8)...
      log -> /Users/steve/Documents/GitHub/MedPullKioskKanthi/orthopedic-demo/.build-logs/call-0008.log
Failed to authenticate. API Error: 401 Invalid authentication credentials
[2026-07-01 01:02:46] resume build - iteration 31 (call #31)...
      log -> /Users/steve/Documents/GitHub/MedPullKioskKanthi/orthopedic-demo/.build-logs/call-0031.log
Failed to authenticate. API Error: 401 Invalid authentication credentials
[2026-07-01 01:02:48] resume build - iteration 9 (call #9)...
      log -> /Users/steve/Documents/GitHub/MedPullKioskKanthi/orthopedic-demo/.build-logs/call-0009.log
Failed to authenticate. API Error: 401 Invalid authentication credentials
[2026-07-01 01:02:49] resume build - iteration 32 (call #32)...
      log -> /Users/steve/Documents/GitHub/MedPullKioskKanthi/orthopedic-demo/.build-logs/call-0032.log
Failed to authenticate. API Error: 401 Invalid authentication credentials
[2026-07-01 01:02:51] resume build - iteration 10 (call #10)...
      log -> /Users/steve/Documents/GitHub/MedPullKioskKanthi/orthopedic-demo/.build-logs/call-0010.log
Failed to authenticate. API Error: 401 Invalid authentication credentials
[2026-07-01 01:02:52] resume build - iteration 33 (call #33)...
      log -> /Users/steve/Documents/GitHub/MedPullKioskKanthi/orthopedic-demo/.build-logs/call-0033.log
Failed to authenticate. API Error: 401 Invalid authentication credentials
[2026-07-01 01:02:54] resume build - iteration 11 (call #11)...
      log -> /Users/steve/Documents/GitHub/MedPullKioskKanthi/orthopedic-demo/.build-logs/call-0011.log
Failed to authenticate. API Error: 401 Invalid authentication credentials
[2026-07-01 01:02:55] resume build - iteration 34 (call #34)...
      log -> /Users/steve/Documents/GitHub/MedPullKioskKanthi/orthopedic-demo/.build-logs/call-0034.log
Failed to authenticate. API Error: 401 Invalid authentication credentials
[2026-07-01 01:02:57] resume build - iteration 12 (call #12)...
      log -> /Users/steve/Documents/GitHub/MedPullKioskKanthi/orthopedic-demo/.build-logs/call-0012.log
Failed to authenticate. API Error: 401 Invalid authentication credentials
[2026-07-01 01:02:58] resume build - iteration 35 (call #35)...
      log -> /Users/steve/Documents/GitHub/MedPullKioskKanthi/orthopedic-demo/.build-logs/call-0035.log
Failed to authenticate. API Error: 401 Invalid authentication credentials
[2026-07-01 01:03:00] resume build - iteration 13 (call #13)...
      log -> /Users/steve/Documents/GitHub/MedPullKioskKanthi/orthopedic-demo/.build-logs/call-0013.log
Failed to authenticate. API Error: 401 Invalid authentication credentials
[2026-07-01 01:03:01] resume build - iteration 36 (call #36)...
      log -> /Users/steve/Documents/GitHub/MedPullKioskKanthi/orthopedic-demo/.build-logs/call-0036.log
Failed to authenticate. API Error: 401 Invalid authentication credentials
Failed to authenticate. API Error: 401 Invalid authentication credentials
[2026-07-01 01:03:04] resume build - iteration 14 (call #14)...
      log -> /Users/steve/Documents/GitHub/MedPullKioskKanthi/orthopedic-demo/.build-logs/call-0014.log
[2026-07-01 01:03:04] resume build - iteration 37 (call #37)...
      log -> /Users/steve/Documents/GitHub/MedPullKioskKanthi/orthopedic-demo/.build-logs/call-0037.log
Failed to authenticate. API Error: 401 Invalid authentication credentials
Failed to authenticate. API Error: 401 Invalid authentication credentials
[2026-07-01 01:03:07] resume build - iteration 15 (call #15)...
      log -> /Users/steve/Documents/GitHub/MedPullKioskKanthi/orthopedic-demo/.build-logs/call-0015.log
[2026-07-01 01:03:07] resume build - iteration 38 (call #38)...
      log -> /Users/steve/Documents/GitHub/MedPullKioskKanthi/orthopedic-demo/.build-logs/call-0038.log
Failed to authenticate. API Error: 401 Invalid authentication credentials
Failed to authenticate. API Error: 401 Invalid authentication credentials
[2026-07-01 01:03:10] resume build - iteration 39 (call #39)...
      log -> /Users/steve/Documents/GitHub/MedPullKioskKanthi/orthopedic-demo/.build-logs/call-0039.log
[2026-07-01 01:03:10] resume build - iteration 16 (call #16)...
      log -> /Users/steve/Documents/GitHub/MedPullKioskKanthi/orthopedic-demo/.build-logs/call-0016.log
Failed to authenticate. API Error: 401 Invalid authentication credentials
Failed to authenticate. API Error: 401 Invalid authentication credentials
[2026-07-01 01:03:13] resume build - iteration 40 (call #40)...
[2026-07-01 01:03:13] resume build - iteration 17 (call #17)...
      log -> /Users/steve/Documents/GitHub/MedPullKioskKanthi/orthopedic-demo/.build-logs/call-0040.log
      log -> /Users/steve/Documents/GitHub/MedPullKioskKanthi/orthopedic-demo/.build-logs/call-0017.log
Failed to authenticate. API Error: 401 Invalid authentication credentials
Failed to authenticate. API Error: 401 Invalid authentication credentials
[2026-07-01 01:03:16] safety cap of 40 build iterations reached without sentinel.

=== STOPPED without completing ===
Either the build cap or the 14h revival wait was exhausted.
Check /Users/steve/Documents/GitHub/MedPullKioskKanthi/orthopedic-demo/.build-logs (and watchdog.log) for where it stalled, then re-run to resume.
[2026-07-01 01:03:16] resume build - iteration 18 (call #18)...
      log -> /Users/steve/Documents/GitHub/MedPullKioskKanthi/orthopedic-demo/.build-logs/call-0018.log
Failed to authenticate. API Error: 401 Invalid authentication credentials
[2026-07-01 01:03:20] resume build - iteration 19 (call #19)...
      log -> /Users/steve/Documents/GitHub/MedPullKioskKanthi/orthopedic-demo/.build-logs/call-0019.log
Failed to authenticate. API Error: 401 Invalid authentication credentials
[2026-07-01 01:03:23] resume build - iteration 20 (call #20)...
      log -> /Users/steve/Documents/GitHub/MedPullKioskKanthi/orthopedic-demo/.build-logs/call-0020.log
Failed to authenticate. API Error: 401 Invalid authentication credentials
[2026-07-01 01:03:26] resume build - iteration 21 (call #21)...
      log -> /Users/steve/Documents/GitHub/MedPullKioskKanthi/orthopedic-demo/.build-logs/call-0021.log
Failed to authenticate. API Error: 401 Invalid authentication credentials
[2026-07-01 01:03:29] resume build - iteration 22 (call #22)...
      log -> /Users/steve/Documents/GitHub/MedPullKioskKanthi/orthopedic-demo/.build-logs/call-0022.log
Failed to authenticate. API Error: 401 Invalid authentication credentials
[2026-07-01 01:03:32] resume build - iteration 23 (call #23)...
      log -> /Users/steve/Documents/GitHub/MedPullKioskKanthi/orthopedic-demo/.build-logs/call-0023.log
Failed to authenticate. API Error: 401 Invalid authentication credentials
[2026-07-01 01:03:36] resume build - iteration 24 (call #24)...
      log -> /Users/steve/Documents/GitHub/MedPullKioskKanthi/orthopedic-demo/.build-logs/call-0024.log
Failed to authenticate. API Error: 401 Invalid authentication credentials
[2026-07-01 01:03:39] resume build - iteration 25 (call #25)...
      log -> /Users/steve/Documents/GitHub/MedPullKioskKanthi/orthopedic-demo/.build-logs/call-0025.log
Failed to authenticate. API Error: 401 Invalid authentication credentials
[2026-07-01 01:03:42] resume build - iteration 26 (call #26)...
      log -> /Users/steve/Documents/GitHub/MedPullKioskKanthi/orthopedic-demo/.build-logs/call-0026.log
Failed to authenticate. API Error: 401 Invalid authentication credentials
[2026-07-01 01:03:45] resume build - iteration 27 (call #27)...
      log -> /Users/steve/Documents/GitHub/MedPullKioskKanthi/orthopedic-demo/.build-logs/call-0027.log
Failed to authenticate. API Error: 401 Invalid authentication credentials
[2026-07-01 01:03:48] resume build - iteration 28 (call #28)...
      log -> /Users/steve/Documents/GitHub/MedPullKioskKanthi/orthopedic-demo/.build-logs/call-0028.log
Failed to authenticate. API Error: 401 Invalid authentication credentials
[2026-07-01 01:03:51] resume build - iteration 29 (call #29)...
      log -> /Users/steve/Documents/GitHub/MedPullKioskKanthi/orthopedic-demo/.build-logs/call-0029.log
Failed to authenticate. API Error: 401 Invalid authentication credentials
[2026-07-01 01:03:54] resume build - iteration 30 (call #30)...
      log -> /Users/steve/Documents/GitHub/MedPullKioskKanthi/orthopedic-demo/.build-logs/call-0030.log
Failed to authenticate. API Error: 401 Invalid authentication credentials
[2026-07-01 01:03:58] resume build - iteration 31 (call #31)...
      log -> /Users/steve/Documents/GitHub/MedPullKioskKanthi/orthopedic-demo/.build-logs/call-0031.log
Failed to authenticate. API Error: 401 Invalid authentication credentials
[2026-07-01 01:04:00] resume build - iteration 32 (call #32)...
      log -> /Users/steve/Documents/GitHub/MedPullKioskKanthi/orthopedic-demo/.build-logs/call-0032.log
Failed to authenticate. API Error: 401 Invalid authentication credentials
[2026-07-01 01:04:03] resume build - iteration 33 (call #33)...
      log -> /Users/steve/Documents/GitHub/MedPullKioskKanthi/orthopedic-demo/.build-logs/call-0033.log
Failed to authenticate. API Error: 401 Invalid authentication credentials
[2026-07-01 01:04:08] resume build - iteration 34 (call #34)...
      log -> /Users/steve/Documents/GitHub/MedPullKioskKanthi/orthopedic-demo/.build-logs/call-0034.log
Failed to authenticate. API Error: 401 Invalid authentication credentials
[2026-07-01 01:04:11] resume build - iteration 35 (call #35)...
      log -> /Users/steve/Documents/GitHub/MedPullKioskKanthi/orthopedic-demo/.build-logs/call-0035.log
Failed to authenticate. API Error: 401 Invalid authentication credentials
[2026-07-01 01:04:14] resume build - iteration 36 (call #36)...
      log -> /Users/steve/Documents/GitHub/MedPullKioskKanthi/orthopedic-demo/.build-logs/call-0036.log
Failed to authenticate. API Error: 401 Invalid authentication credentials
[2026-07-01 01:04:18] resume build - iteration 37 (call #37)...
      log -> /Users/steve/Documents/GitHub/MedPullKioskKanthi/orthopedic-demo/.build-logs/call-0037.log
Failed to authenticate. API Error: 401 Invalid authentication credentials
[2026-07-01 01:04:21] resume build - iteration 38 (call #38)...
      log -> /Users/steve/Documents/GitHub/MedPullKioskKanthi/orthopedic-demo/.build-logs/call-0038.log
Failed to authenticate. API Error: 401 Invalid authentication credentials
[2026-07-01 01:04:24] resume build - iteration 39 (call #39)...
      log -> /Users/steve/Documents/GitHub/MedPullKioskKanthi/orthopedic-demo/.build-logs/call-0039.log
Failed to authenticate. API Error: 401 Invalid authentication credentials
[2026-07-01 01:04:27] resume build - iteration 40 (call #40)...
      log -> /Users/steve/Documents/GitHub/MedPullKioskKanthi/orthopedic-demo/.build-logs/call-0040.log
Failed to authenticate. API Error: 401 Invalid authentication credentials
[2026-07-01 01:04:30] safety cap of 40 build iterations reached without sentinel.

=== STOPPED without completing ===
Either the build cap or the 14h revival wait was exhausted.
Check /Users/steve/Documents/GitHub/MedPullKioskKanthi/orthopedic-demo/.build-logs (and watchdog.log) for where it stalled, then re-run to resume.
